<?xml version="1.0" encoding="UTF-8"?>
<!-- Generated by org.testng.reporters.JUnitReportReporter -->
<testsuite hostname="administrador-Lenovo-ideapad-330S-15IKB" failures="0" tests="1" name="Tests.LoginTest" time="3.766" errors="0" timestamp="10 oct 2021 00:54:43 GMT" skipped="0">
  <testcase classname="Tests.LoginTest" name="VerifyThatTheSystemHandlesInvalidCredentials" time="3.766"/>
</testsuite> <!-- Tests.LoginTest -->
